13:10:22 **** Incremental Build of configuration GNU ARM v4.9.3 - Default for project soc-CRP ****
make -j4 all 
Building file: ../main.c
Invoking: GNU ARM C Compiler
arm-none-eabi-gcc -g -gdwarf-2 -mcpu=cortex-m4 -mthumb -std=c99 '-DSILABS_AF_USE_HWCONF=1' '-D__NO_SYSTEM_INIT=1' '-DEFR32BG1B232F256GM48=1' -I"D:/SiliconLabs/SimplicityStudio/v4_2/developer/sdks/gecko_sdk_suite/v1.1//platform/CMSIS/Include" -I"D:/SiliconLabs/SimplicityStudio/v4_2/developer/sdks/gecko_sdk_suite/v1.1//platform/radio/rail_lib/chip/efr32" -I"D:/SiliconLabs/SimplicityStudio/v4_2/developer/sdks/gecko_sdk_suite/v1.1//platform/emdrv/dmadrv/inc" -I"D:/SiliconLabs/SimplicityStudio/v4_2/developer/sdks/gecko_sdk_suite/v1.1//platform/emdrv/uartdrv/inc" -I"D:\GoogleDriveCLT\GoogleDrive\WeatherCloud\Roadboard\Software\Road-Board-December-2016N8\BGM111\Studio_Work\soc-CRP" -I"D:/SiliconLabs/SimplicityStudio/v4_2/developer/sdks/gecko_sdk_suite/v1.1//platform/radio/rail_lib/common" -I"D:/SiliconLabs/SimplicityStudio/v4_2/developer/sdks/gecko_sdk_suite/v1.1//platform/emdrv/spidrv/inc" -I"D:/SiliconLabs/SimplicityStudio/v4_2/developer/sdks/gecko_sdk_suite/v1.1//platform/emdrv/gpiointerrupt/inc" -I"D:/SiliconLabs/SimplicityStudio/v4_2/developer/sdks/gecko_sdk_suite/v1.1//platform/emdrv/rtcdrv/inc" -I"D:/SiliconLabs/SimplicityStudio/v4_2/developer/sdks/gecko_sdk_suite/v1.1//platform/emdrv/spidrv/config" -I"D:/SiliconLabs/SimplicityStudio/v4_2/developer/sdks/gecko_sdk_suite/v1.1//hardware/kit/EFR32BG1_BRD4300A/config" -I"D:\GoogleDriveCLT\GoogleDrive\WeatherCloud\Roadboard\Software\Road-Board-December-2016N8\BGM111\Studio_Work\soc-CRP\src" -I"D:/SiliconLabs/SimplicityStudio/v4_2/developer/sdks/gecko_sdk_suite/v1.1//platform/emdrv/rtcdrv/config" -I"D:/SiliconLabs/SimplicityStudio/v4_2/developer/sdks/gecko_sdk_suite/v1.1//platform/emdrv/ustimer/inc" -I"D:/SiliconLabs/SimplicityStudio/v4_2/developer/sdks/gecko_sdk_suite/v1.1//platform/radio/rail_lib/chip/efr32/rf/common/cortex" -I"D:\GoogleDriveCLT\GoogleDrive\WeatherCloud\Roadboard\Software\Road-Board-December-2016N8\BGM111\Studio_Work\soc-CRP\emlib" -I"D:/SiliconLabs/SimplicityStudio/v4_2/developer/sdks/gecko_sdk_suite/v1.1//platform/emdrv/ustimer/config" -I"D:/SiliconLabs/SimplicityStudio/v4_2/developer/sdks/gecko_sdk_suite/v1.1//platform/emdrv/dmadrv/config" -I"D:/SiliconLabs/SimplicityStudio/v4_2/developer/sdks/gecko_sdk_suite/v1.1//platform/emdrv/tempdrv/config" -I"D:/SiliconLabs/SimplicityStudio/v4_2/developer/sdks/gecko_sdk_suite/v1.1//platform/emdrv/uartdrv/config" -I"D:/SiliconLabs/SimplicityStudio/v4_2/developer/sdks/gecko_sdk_suite/v1.1//platform/emdrv/tempdrv/inc" -I"D:/SiliconLabs/SimplicityStudio/v4_2/developer/sdks/gecko_sdk_suite/v1.1//platform/emdrv/nvm/config" -I"D:\GoogleDriveCLT\GoogleDrive\WeatherCloud\Roadboard\Software\Road-Board-December-2016N8\BGM111\Studio_Work\soc-CRP\inc" -I"D:/SiliconLabs/SimplicityStudio/v4_2/developer/sdks/gecko_sdk_suite/v1.1//platform/emdrv/sleep/inc" -I"D:/SiliconLabs/SimplicityStudio/v4_2/developer/sdks/gecko_sdk_suite/v1.1//platform/emdrv/nvm/inc" -I"D:/SiliconLabs/SimplicityStudio/v4_2/developer/sdks/gecko_sdk_suite/v1.1//platform/emdrv/common/inc" -I"D:/SiliconLabs/SimplicityStudio/v4_2/developer/sdks/gecko_sdk_suite/v1.1//platform/emlib/inc" -I"D:/SiliconLabs/SimplicityStudio/v4_2/developer/sdks/gecko_sdk_suite/v1.1//hardware/kit/common/bsp" -I"D:/SiliconLabs/SimplicityStudio/v4_2/developer/sdks/gecko_sdk_suite/v1.1//hardware/kit/common/drivers" -I"D:/SiliconLabs/SimplicityStudio/v4_2/developer/sdks/gecko_sdk_suite/v1.1//protocol/bluetooth_2.4/ble_stack/inc/soc" -I"D:/SiliconLabs/SimplicityStudio/v4_2/developer/sdks/gecko_sdk_suite/v1.1//protocol/bluetooth_2.4/ble_stack/inc/common" -I"D:/SiliconLabs/SimplicityStudio/v4_2/developer/sdks/gecko_sdk_suite/v1.1//platform/bootloader/api" -I"D:/SiliconLabs/SimplicityStudio/v4_2/developer/sdks/gecko_sdk_suite/v1.1//platform/Device/SiliconLabs/EFR32BG1B/Include" -O0 -fno-short-enums -Wall -c -fmessage-length=0 -ffunction-sections -fdata-sections -mfpu=fpv4-sp-d16 -mfloat-abi=hard -MMD -MP -MF"main.d" -MT"main.o" -o "main.o" "../main.c"
../main.c: In function 'main':
../main.c:135:6: warning: unused variable 'unrecoverable_error' [-Wunused-variable]
  int unrecoverable_error;
      ^
../main.c:133:6: warning: unused variable 'tx_size' [-Wunused-variable]
  int tx_size;
      ^
../main.c:132:6: warning: unused variable 'max_len' [-Wunused-variable]
  int max_len;
      ^
../main.c:130:6: warning: unused variable 'tx_num' [-Wunused-variable]
  int tx_num;      // Number of bytes in Buffer
      ^
../main.c:129:6: warning: unused variable 'tx_rd' [-Wunused-variable]
  int tx_rd;      // Read Index
      ^
../main.c:128:6: warning: unused variable 'tx_wr' [-Wunused-variable]
  int tx_wr;      // Write Index
      ^
../main.c:127:7: warning: unused variable 'tx_fifo' [-Wunused-variable]
  char tx_fifo[BUFFSIZE];
       ^
../main.c:125:6: warning: unused variable 'temp' [-Wunused-variable]
  int temp;
      ^
../main.c:123:6: warning: unused variable 'n' [-Wunused-variable]
  int n;
      ^
../main.c:121:6: warning: unused variable 'res' [-Wunused-variable]
  int res;
      ^
../main.c:119:6: warning: unused variable 'conn_handle' [-Wunused-variable]
  int conn_handle;
      ^
../main.c:118:6: warning: unused variable 'connected' [-Wunused-variable]
  int connected;
      ^
../main.c:116:6: warning: unused variable 'strlen' [-Wunused-variable]
  int strlen;
      ^
../main.c:115:7: warning: unused variable 'string' [-Wunused-variable]
  char string[STR_LEN];
       ^
../main.c:114:6: warning: unused variable 'ticker' [-Wunused-variable]
  int ticker;
      ^
Finished building: ../main.c
 
Building target: soc-CRP.axf
Invoking: GNU ARM C Linker
arm-none-eabi-gcc -g -gdwarf-2 -mcpu=cortex-m4 -mthumb -T "D:\GoogleDriveCLT\GoogleDrive\WeatherCloud\Roadboard\Software\Road-Board-December-2016N8\BGM111\Studio_Work\soc-CRP\linker\GCC\efr32bg1b232f256gm48.ld" -L"D:\GoogleDriveCLT\GoogleDrive\WeatherCloud\Roadboard\Software\Road-Board-December-2016N8\BGM111\Studio_Work\soc-CRP\emlib" -Xlinker -no-enum-size-warning -Xlinker -no-wchar-size-warning -Xlinker --gc-sections -Xlinker -Map="soc-CRP.map" -mfpu=fpv4-sp-d16 -mfloat-abi=hard -o soc-CRP.axf "./application_properties.o" "./gatt_db.o" "./main.o" "./bgapi/dmadrv.o" "./bgapi/em_adc.o" "./bgapi/em_ldma.o" "./bgapi/em_leuart.o" "./device/EFR32_B_1_1_B/gcc/startup_efr32bg1b.o" "./emlib/em_cmu.o" "./emlib/em_cryotimer.o" "./emlib/em_gpio.o" "./emlib/em_i2c.o" "./emlib/em_msc.o" "./emlib/em_rtcc.o" "./emlib/em_system.o" "./emlib/em_timer.o" "./emlib/em_usart.o" "./kit/BRD4300ArevA03/bsp_bcc.o" "./kit/BRD4300ArevA03/bsp_stk.o" "./kit/BRD4300ArevA03/bsp_stk_leds.o" "./kit/BRD4300ArevA03/i2cspm.o" "./kit/BRD4300ArevA03/si7013.o" "./kit/BRD4300ArevA03/tempsens.o" "./kit/BRD4300ArevA03/udelay.o" "./src/InitDevice.o" "D:/SiliconLabs/SimplicityStudio/v4_2/developer/sdks/gecko_sdk_suite/v1.1//protocol/bluetooth_2.4/lib/EFR32BG1B/EABI/binbootloader.o" "D:/SiliconLabs/SimplicityStudio/v4_2/developer/sdks/gecko_sdk_suite/v1.1//protocol/bluetooth_2.4/lib/EFR32BG1B/EABI/stack.a" "D:/SiliconLabs/SimplicityStudio/v4_2/developer/sdks/gecko_sdk_suite/v1.1//protocol/bluetooth_2.4/lib/EFR32BG1B/EABI/binstack.o" "D:/SiliconLabs/SimplicityStudio/v4_2/developer/sdks/gecko_sdk_suite/v1.1//protocol/bluetooth_2.4/lib/EFR32BG1B/GCC/bgapi.a" -lm -Wl,--start-group -lgcc -lc -lnosys -Wl,--end-group
Finished building target: soc-CRP.axf
 
Building hex file: soc-CRP.hex
arm-none-eabi-objcopy -O ihex "soc-CRP.axf" "soc-CRP.hex"
 
Building bin file: soc-CRP.bin
arm-none-eabi-objcopy -O binary "soc-CRP.axf" "soc-CRP.bin"
 
Building s37 file: soc-CRP.s37
arm-none-eabi-objcopy -O srec "soc-CRP.axf" "soc-CRP.s37"
 
Running size tool
arm-none-eabi-size "soc-CRP.axf"
   text	   data	    bss	    dec	    hex	filename
 160659	   1088	   7165	 168912	  293d0	soc-CRP.axf
 

13:10:24 Build Finished (took 2s.277ms)

