###############################################################################
#
# IAR ANSI C/C++ Compiler V7.60.2.11341/W32 for ARM       17/Jul/2017  15:20:27
# Copyright 1999-2016 IAR Systems AB.
#
#    Cpu mode     =  thumb
#    Endian       =  little
#    Source file  =  
#        D:\GoogleDriveCLT\GoogleDrive\WeatherCloud\Roadboard\Software\Road-Board-December-2016N8\Src\dma.c
#    Command line =  
#        D:\GoogleDriveCLT\GoogleDrive\WeatherCloud\Roadboard\Software\Road-Board-December-2016N8\Src\dma.c
#        -D USE_HAL_DRIVER -D STM32L152xE -D USE_STM32L1XX_NUCLEO -D ASCII -D
#        REV_L -D LONG_DELAY -lCN
#        "D:\GoogleDriveCLT\GoogleDrive\WeatherCloud\Roadboard\Software\Road-Board-December-2016N8\EWARM\Road
#        Brd MSTR Rev L Long Always\List" -o
#        "D:\GoogleDriveCLT\GoogleDrive\WeatherCloud\Roadboard\Software\Road-Board-December-2016N8\EWARM\Road
#        Brd MSTR Rev L Long Always\Obj" --no_cse --no_unroll --no_inline
#        --no_code_motion --no_tbaa --no_clustering --no_scheduling --debug
#        --endian=little --cpu=Cortex-M3 -e --fpu=None --dlib_config
#        "C:\Program Files (x86)\IAR Systems\Embedded Workbench
#        7.4\arm\INC\c\DLib_Config_Full.h" -I
#        D:\GoogleDriveCLT\GoogleDrive\WeatherCloud\Roadboard\Software\Road-Board-December-2016N8\EWARM/../Inc\
#        -I
#        D:\GoogleDriveCLT\GoogleDrive\WeatherCloud\Roadboard\Software\Road-Board-December-2016N8\EWARM/../Drivers/STM32L1xx_HAL_Driver/Inc\
#        -I
#        D:\GoogleDriveCLT\GoogleDrive\WeatherCloud\Roadboard\Software\Road-Board-December-2016N8\EWARM/../Drivers/STM32L1xx_HAL_Driver/Inc/Legacy\
#        -I
#        D:\GoogleDriveCLT\GoogleDrive\WeatherCloud\Roadboard\Software\Road-Board-December-2016N8\EWARM/../Drivers/BSP/STM32L1xx_Nucleo\
#        -I
#        D:\GoogleDriveCLT\GoogleDrive\WeatherCloud\Roadboard\Software\Road-Board-December-2016N8\EWARM/../Middlewares/Third_Party/FreeRTOS/Source/portable/IAR/ARM_CM3\
#        -I
#        D:\GoogleDriveCLT\GoogleDrive\WeatherCloud\Roadboard\Software\Road-Board-December-2016N8\EWARM/../Middlewares/ST/STM32_USB_Device_Library/Core/Inc\
#        -I
#        D:\GoogleDriveCLT\GoogleDrive\WeatherCloud\Roadboard\Software\Road-Board-December-2016N8\EWARM/../Middlewares/ST/STM32_USB_Device_Library/Class/CDC/Inc\
#        -I
#        D:\GoogleDriveCLT\GoogleDrive\WeatherCloud\Roadboard\Software\Road-Board-December-2016N8\EWARM/../Middlewares/Third_Party/FreeRTOS/Source/include\
#        -I
#        D:\GoogleDriveCLT\GoogleDrive\WeatherCloud\Roadboard\Software\Road-Board-December-2016N8\EWARM/../Middlewares/Third_Party/FreeRTOS/Source/CMSIS_RTOS\
#        -I
#        D:\GoogleDriveCLT\GoogleDrive\WeatherCloud\Roadboard\Software\Road-Board-December-2016N8\EWARM/../Drivers/CMSIS/Include\
#        -I
#        D:\GoogleDriveCLT\GoogleDrive\WeatherCloud\Roadboard\Software\Road-Board-December-2016N8\EWARM/../Drivers/CMSIS/Device/ST/STM32L1xx/Include\
#        -I
#        D:\GoogleDriveCLT\GoogleDrive\WeatherCloud\Roadboard\Software\Road-Board-December-2016N8\EWARM\..\Middlewares\Third_Party\BgLib\
#        -On --use_c++_inline -I "C:\Program Files (x86)\IAR Systems\Embedded
#        Workbench 7.4\arm\CMSIS\Include\"
#    Locale       =  English_United States.1252
#    List file    =  
#        D:\GoogleDriveCLT\GoogleDrive\WeatherCloud\Roadboard\Software\Road-Board-December-2016N8\EWARM\Road
#        Brd MSTR Rev L Long Always\List\dma.lst
#    Object file  =  
#        D:\GoogleDriveCLT\GoogleDrive\WeatherCloud\Roadboard\Software\Road-Board-December-2016N8\EWARM\Road
#        Brd MSTR Rev L Long Always\Obj\dma.o
#
###############################################################################

D:\GoogleDriveCLT\GoogleDrive\WeatherCloud\Roadboard\Software\Road-Board-December-2016N8\Src\dma.c
      1          /**
      2            ******************************************************************************
      3            * File Name          : dma.c
      4            * Description        : This file provides code for the configuration
      5            *                      of all the requested memory to memory DMA transfers.
      6            ******************************************************************************
      7            *
      8            * COPYRIGHT(c) 2016 STMicroelectronics
      9            *
     10            * Redistribution and use in source and binary forms, with or without modification,
     11            * are permitted provided that the following conditions are met:
     12            *   1. Redistributions of source code must retain the above copyright notice,
     13            *      this list of conditions and the following disclaimer.
     14            *   2. Redistributions in binary form must reproduce the above copyright notice,
     15            *      this list of conditions and the following disclaimer in the documentation
     16            *      and/or other materials provided with the distribution.
     17            *   3. Neither the name of STMicroelectronics nor the names of its contributors
     18            *      may be used to endorse or promote products derived from this software
     19            *      without specific prior written permission.
     20            *
     21            * THIS SOFTWARE IS PROVIDED BY THE COPYRIGHT HOLDERS AND CONTRIBUTORS "AS IS"
     22            * AND ANY EXPRESS OR IMPLIED WARRANTIES, INCLUDING, BUT NOT LIMITED TO, THE
     23            * IMPLIED WARRANTIES OF MERCHANTABILITY AND FITNESS FOR A PARTICULAR PURPOSE ARE
     24            * DISCLAIMED. IN NO EVENT SHALL THE COPYRIGHT HOLDER OR CONTRIBUTORS BE LIABLE
     25            * FOR ANY DIRECT, INDIRECT, INCIDENTAL, SPECIAL, EXEMPLARY, OR CONSEQUENTIAL
     26            * DAMAGES (INCLUDING, BUT NOT LIMITED TO, PROCUREMENT OF SUBSTITUTE GOODS OR
     27            * SERVICES; LOSS OF USE, DATA, OR PROFITS; OR BUSINESS INTERRUPTION) HOWEVER
     28            * CAUSED AND ON ANY THEORY OF LIABILITY, WHETHER IN CONTRACT, STRICT LIABILITY,
     29            * OR TORT (INCLUDING NEGLIGENCE OR OTHERWISE) ARISING IN ANY WAY OUT OF THE USE
     30            * OF THIS SOFTWARE, EVEN IF ADVISED OF THE POSSIBILITY OF SUCH DAMAGE.
     31            *
     32            ******************************************************************************
     33            */
     34          /* Includes ------------------------------------------------------------------*/
     35          #include "dma.h"
     36          
     37          /* USER CODE BEGIN 0 */
     38          
     39          /* USER CODE END 0 */
     40          
     41          /*----------------------------------------------------------------------------*/
     42          /* Configure DMA                                                              */
     43          /*----------------------------------------------------------------------------*/
     44          
     45          /* USER CODE BEGIN 1 */
     46          
     47          /* USER CODE END 1 */
     48          
     49          /** 
     50            * Enable DMA controller clock
     51            */

   \                                 In section .text, align 4, keep-with-next
     52          void MX_DMA_Init(void) 
     53          {
   \                     MX_DMA_Init: (+1)
   \   00000000   0xB580             PUSH     {R7,LR}
     54            /* DMA controller clock enable */
     55            __HAL_RCC_DMA1_CLK_ENABLE();
   \   00000002   0x480A             LDR.N    R0,??MX_DMA_Init_0  ;; 0x4002381c
   \   00000004   0x6800             LDR      R0,[R0, #+0]
   \   00000006   0xF050 0x7080      ORRS     R0,R0,#0x1000000
   \   0000000A   0x4908             LDR.N    R1,??MX_DMA_Init_0  ;; 0x4002381c
   \   0000000C   0x6008             STR      R0,[R1, #+0]
   \   0000000E   0x4807             LDR.N    R0,??MX_DMA_Init_0  ;; 0x4002381c
   \   00000010   0x6800             LDR      R0,[R0, #+0]
   \   00000012   0xF010 0x7080      ANDS     R0,R0,#0x1000000
   \   00000016   0x9000             STR      R0,[SP, #+0]
   \   00000018   0x9800             LDR      R0,[SP, #+0]
     56          
     57            /* DMA interrupt init */
     58            /* DMA1_Channel1_IRQn interrupt configuration */
     59            HAL_NVIC_SetPriority(DMA1_Channel1_IRQn, 5, 0);
   \   0000001A   0x2200             MOVS     R2,#+0
   \   0000001C   0x2105             MOVS     R1,#+5
   \   0000001E   0x200B             MOVS     R0,#+11
   \   00000020   0x.... 0x....      BL       HAL_NVIC_SetPriority
     60            HAL_NVIC_EnableIRQ(DMA1_Channel1_IRQn);
   \   00000024   0x200B             MOVS     R0,#+11
   \   00000026   0x.... 0x....      BL       HAL_NVIC_EnableIRQ
     61          
     62          }
   \   0000002A   0xBD01             POP      {R0,PC}          ;; return
   \                     ??MX_DMA_Init_0:
   \   0000002C   0x4002381C         DC32     0x4002381c
     63          
     64          /* USER CODE BEGIN 2 */
     65          
     66          /* USER CODE END 2 */
     67          
     68          /**
     69            * @}
     70            */
     71          
     72          /**
     73            * @}
     74            */
     75          
     76          /************************ (C) COPYRIGHT STMicroelectronics *****END OF FILE****/

   Maximum stack usage in bytes:

   .cstack Function
   ------- --------
       8   MX_DMA_Init
         8   -> HAL_NVIC_EnableIRQ
         8   -> HAL_NVIC_SetPriority


   Section sizes:

   Bytes  Function/Label
   -----  --------------
      48  MX_DMA_Init

 
 48 bytes in section .text
 
 48 bytes of CODE memory

Errors: none
Warnings: none
